I, [2021-03-05T17:25:32.661822 #14308]  INFO -- : Registered expected interaction GET /courses/getCourses
D, [2021-03-05T17:25:32.661822 #14308] DEBUG -- : {
  "description": "a request to GET courses",
  "providerState": "courses exist",
  "request": {
    "method": "GET",
    "path": "/courses/getCourses"
  },
  "response": {
    "status": 200,
    "headers": {
    },
    "body": {
      "json_class": "Pact::SomethingLike",
      "contents": {
        "id": 1,
        "courseName": "Java",
        "courseDescription": "Java is a class-based, object-oriented programming language that is designed to have as few implementation dependencies as possible"
      }
    }
  },
  "metadata": null
}
W, [2021-03-05T17:25:32.732762 #14308]  WARN -- : Verifying - actual interactions do not match expected interactions. 
Missing requests:
	GET /courses/getCourses



W, [2021-03-05T17:25:32.732762 #14308]  WARN -- : Missing requests:
	GET /courses/getCourses



I, [2021-03-05T17:25:32.764171 #14308]  INFO -- : Cleared interactions
